common.js:153 Uncaught RangeError: Maximum call stack size exceeded
（匿名） @ common.js:153
await in （匿名）
（匿名） @ attendance_list.html?date=2025-11-11:1969
attendance_list.html?date=2025-11-11:1432 Uncaught RangeError: Maximum call stack size exceeded
await
（匿名） @ attendance_list.html?date=2025-11-11:1969
attendance_list.html?date=2025-11-11:1432 Uncaught RangeError: Maximum call stack size exceeded
await
（匿名） @ attendance_list.html?date=2025-11-11:1969
attendance_list.html?date=2025-11-11:1432 Uncaught RangeError: Maximum call stack size exceeded
await
（匿名） @ attendance_list.html?date=2025-11-11:1969
attendance_list.html?date=2025-11-11:1432 Uncaught RangeError: Maximum call stack size exceeded
await
（匿名） @ attendance_list.html?date=2025-11-11:1969
attendance_list.html?date=2025-11-11:1432 Uncaught RangeError: Maximum call stack size exceeded
await
（匿名） @ attendance_list.html?date=2025-11-11:1969
attendance_list.html?date=2025-11-11:1432 Uncaught RangeError: Maximum call stack size exceeded
await
（匿名） @ attendance_list.html?date=2025-11-11:1969
attendance_list.html?date=2025-11-11:1432 Uncaught RangeError: Maximum call stack size exceeded
await
（匿名） @ attendance_list.html?date=2025-11-11:1969
attendance_list.html?date=2025-11-11:1432 Uncaught RangeError: Maximum call stack size exceeded
await
（匿名） @ attendance_list.html?date=2025-11-11:1969
attendance_list.html?date=2025-11-11:1432 Uncaught RangeError: Maximum call stack size exceeded
await
（匿名） @ attendance_list.html?date=2025-11-11:1969
attendance_list.html?date=2025-11-11:1432 Uncaught RangeError: Maximum call stack size exceeded
await
（匿名） @ attendance_list.html?date=2025-11-11:1969
attendance_list.html?date=2025-11-11:1432 Uncaught RangeError: Maximum call stack size exceeded
await
（匿名） @ attendance_list.html?date=2025-11-11:1969
attendance_list.html?date=2025-11-11:1432 Uncaught RangeError: Maximum call stack size exceeded
await
（匿名） @ attendance_list.html?date=2025-11-11:1969
attendance_list.html?date=2025-11-11:1432 Uncaught RangeError: Maximum call stack size exceeded
await
（匿名） @ attendance_list.html?date=2025-11-11:1969
attendance_list.html?date=2025-11-11:1432 Uncaught RangeError: Maximum call stack size exceeded
await
（匿名） @ attendance_list.html?date=2025-11-11:1969
attendance_list.html?date=2025-11-11:1432 Uncaught RangeError: Maximum call stack size exceeded
await
（匿名） @ attendance_list.html?date=2025-11-11:1969
attendance_list.html?date=2025-11-11:1432 Uncaught RangeError: Maximum call stack size exceeded
await
（匿名） @ attendance_list.html?date=2025-11-11:1969
attendance_list.html?date=2025-11-11:1432 Uncaught RangeError: Maximum call stack size exceeded
await
（匿名） @ attendance_list.html?date=2025-11-11:1969
attendance_list.html?date=2025-11-11:1432 Uncaught RangeError: Maximum call stack size exceeded
await
（匿名） @ attendance_list.html?date=2025-11-11:1969
attendance_list.html?date=2025-11-11:1432 Uncaught RangeError: Maximum call stack size exceeded
await
（匿名） @ attendance_list.html?date=2025-11-11:1969
attendance_list.html?date=2025-11-11:1432 Uncaught RangeError: Maximum call stack size exceeded
await
（匿名） @ attendance_list.html?date=2025-11-11:1969
attendance_list.html?date=2025-11-11:1432 Uncaught RangeError: Maximum call stack size exceeded
await
（匿名） @ attendance_list.html?date=2025-11-11:1969
attendance_list.html?date=2025-11-11:1432 Uncaught RangeError: Maximum call stack size exceeded
await
（匿名） @ attendance_list.html?date=2025-11-11:1969
attendance_list.html?date=2025-11-11:1432 Uncaught RangeError: Maximum call stack size exceeded
await
（匿名） @ attendance_list.html?date=2025-11-11:1969
attendance_list.html?date=2025-11-11:1432 Uncaught RangeError: Maximum call stack size exceeded
await
（匿名） @ attendance_list.html?date=2025-11-11:1969
attendance_list.html?date=2025-11-11:1432 Uncaught RangeError: Maximum call stack size exceeded
await
（匿名） @ attendance_list.html?date=2025-11-11:1969
attendance_list.html?date=2025-11-11:1432 Uncaught RangeError: Maximum call stack size exceeded
await
（匿名） @ attendance_list.html?date=2025-11-11:1969
attendance_list.html?date=2025-11-11:1432 Uncaught RangeError: Maximum call stack size exceeded
await
（匿名） @ attendance_list.html?date=2025-11-11:1969
attendance_list.html?date=2025-11-11:1432 Uncaught RangeError: Maximum call stack size exceeded
await
（匿名） @ attendance_list.html?date=2025-11-11:1969
attendance_list.html?date=2025-11-11:1432 Uncaught RangeError: Maximum call stack size exceeded
await
（匿名） @ attendance_list.html?date=2025-11-11:1969
attendance_list.html?date=2025-11-11:1432 Uncaught RangeError: Maximum call stack size exceeded
await
（匿名） @ attendance_list.html?date=2025-11-11:1969
attendance_list.html?date=2025-11-11:1432 Uncaught RangeError: Maximum call stack size exceeded
await
（匿名） @ attendance_list.html?date=2025-11-11:1969
attendance_list.html?date=2025-11-11:1432 Uncaught RangeError: Maximum call stack size exceeded
await
（匿名） @ attendance_list.html?date=2025-11-11:1969
attendance_list.html?date=2025-11-11:1432 Uncaught RangeError: Maximum call stack size exceeded
await
（匿名） @ attendance_list.html?date=2025-11-11:1969
attendance_list.html?date=2025-11-11:1432 Uncaught RangeError: Maximum call stack size exceeded
await
（匿名） @ attendance_list.html?date=2025-11-11:1969
attendance_list.html?date=2025-11-11:1432 Uncaught RangeError: Maximum call stack size exceeded
await
（匿名） @ attendance_list.html?date=2025-11-11:1969
attendance_list.html?date=2025-11-11:1432 Uncaught RangeError: Maximum call stack size exceeded
await
（匿名） @ attendance_list.html?date=2025-11-11:1969
attendance_list.html?date=2025-11-11:1432 Uncaught RangeError: Maximum call stack size exceeded
await
（匿名） @ attendance_list.html?date=2025-11-11:1969
attendance_list.html?date=2025-11-11:1432 Uncaught RangeError: Maximum call stack size exceeded
await
（匿名） @ attendance_list.html?date=2025-11-11:1969
attendance_list.html?date=2025-11-11:1432 Uncaught RangeError: Maximum call stack size exceeded
await
（匿名） @ attendance_list.html?date=2025-11-11:1969
attendance_list.html?date=2025-11-11:1432 Uncaught RangeError: Maximum call stack size exceeded
await
（匿名） @ attendance_list.html?date=2025-11-11:1969
attendance_list.html?date=2025-11-11:1432 Uncaught RangeError: Maximum call stack size exceeded
await
（匿名） @ attendance_list.html?date=2025-11-11:1969
attendance_list.html?date=2025-11-11:1432 Uncaught RangeError: Maximum call stack size exceeded
await
（匿名） @ attendance_list.html?date=2025-11-11:1969
attendance_list.html?date=2025-11-11:1432 Uncaught RangeError: Maximum call stack size exceeded
await
（匿名） @ attendance_list.html?date=2025-11-11:1969
attendance_list.html?date=2025-11-11:1432 Uncaught RangeError: Maximum call stack size exceeded
await
（匿名） @ attendance_list.html?date=2025-11-11:1969
attendance_list.html?date=2025-11-11:1432 Uncaught RangeError: Maximum call stack size exceeded
await
（匿名） @ attendance_list.html?date=2025-11-11:1969
common.js:153 Uncaught RangeError: Maximum call stack size exceeded
（匿名） @ common.js:153
await in （匿名）
（匿名） @ attendance_list.html?date=2025-11-11:1969
attendance_list.html?date=2025-11-11:1432 Uncaught RangeError: Maximum call stack size exceeded
await
（匿名） @ attendance_list.html?date=2025-11-11:1969
attendance_list.html?date=2025-11-11:1432 Uncaught RangeError: Maximum call stack size exceeded
await
（匿名） @ attendance_list.html?date=2025-11-11:1969
attendance_list.html?date=2025-11-11:1432 Uncaught RangeError: Maximum call stack size exceeded
await
（匿名） @ attendance_list.html?date=2025-11-11:1969
contextmenuhlpr.js:18 Uncaught RangeError: Maximum call stack size exceeded
dealWithSelection @ contextmenuhlpr.js:18
（匿名） @ contextmenuhlpr.js:119
await in （匿名）
（匿名） @ attendance_list.html?date=2025-11-11:1969
common.js:153 Uncaught RangeError: Maximum call stack size exceeded
（匿名） @ common.js:153
await in （匿名）
（匿名） @ attendance_list.html?date=2025-11-11:1969
focus_change_observer.js:48 Uncaught RangeError: Maximum call stack size exceeded
onFocus @ focus_change_observer.js:48
await in onFocus
（匿名） @ attendance_list.html?date=2025-11-11:1969
attendance_list.html?date=2025-11-11:1432 Uncaught RangeError: Maximum call stack size exceeded
await
（匿名） @ attendance_list.html?date=2025-11-11:1969
attendance_list.html?date=2025-11-11:1432 Uncaught RangeError: Maximum call stack size exceeded
await
（匿名） @ attendance_list.html?date=2025-11-11:1969
attendance_list.html?date=2025-11-11:1432 Uncaught RangeError: Maximum call stack size exceeded
await
（匿名） @ attendance_list.html?date=2025-11-11:1969
contextmenuhlpr.js:18 Uncaught RangeError: Maximum call stack size exceeded
dealWithSelection @ contextmenuhlpr.js:18
（匿名） @ contextmenuhlpr.js:119
await in （匿名）
（匿名） @ attendance_list.html?date=2025-11-11:1969
common.js:153 Uncaught RangeError: Maximum call stack size exceeded
（匿名） @ common.js:153
await in （匿名）
（匿名） @ attendance_list.html?date=2025-11-11:1969
focus_change_observer.js:48 Uncaught RangeError: Maximum call stack size exceeded
onFocus @ focus_change_observer.js:48
await in onFocus
（匿名） @ attendance_list.html?date=2025-11-11:1969
attendance_list.html?date=2025-11-11:1432 Uncaught RangeError: Maximum call stack size exceeded
await
（匿名） @ attendance_list.html?date=2025-11-11:1969
attendance_list.html?date=2025-11-11:1432 Uncaught RangeError: Maximum call stack size exceeded
await
（匿名） @ attendance_list.html?date=2025-11-11:1969
attendance_list.html?date=2025-11-11:1432 Uncaught RangeError: Maximum call stack size exceeded
await
（匿名） @ attendance_list.html?date=2025-11-11:1969
contextmenuhlpr.js:3 Uncaught RangeError: Maximum call stack size exceeded
dealWithSelection @ contextmenuhlpr.js:3
（匿名） @ contextmenuhlpr.js:119
await in （匿名）
（匿名） @ attendance_list.html?date=2025-11-11:1969
common.js:145 Uncaught RangeError: Maximum call stack size exceeded
（匿名） @ common.js:145
await in （匿名）
（匿名） @ attendance_list.html?date=2025-11-11:1969
common.js:145 Uncaught RangeError: Maximum call stack size exceeded
（匿名） @ common.js:145
await in （匿名）
（匿名） @ attendance_list.html?date=2025-11-11:1969
focus_change_observer.js:48 Uncaught RangeError: Maximum call stack size exceeded
onFocus @ focus_change_observer.js:48
await in onFocus
（匿名） @ attendance_list.html?date=2025-11-11:1969
attendance_list.html?date=2025-11-11:1432 Uncaught RangeError: Maximum call stack size exceeded
await
（匿名） @ attendance_list.html?date=2025-11-11:1969
attendance_list.html?date=2025-11-11:1432 Uncaught RangeError: Maximum call stack size exceeded
await
（匿名） @ attendance_list.html?date=2025-11-11:1969
attendance_list.html?date=2025-11-11:1432 Uncaught RangeError: Maximum call stack size exceeded
await
（匿名） @ attendance_list.html?date=2025-11-11:1969
attendance_list.html?date=2025-11-11:1429 Uncaught RangeError: Maximum call stack size exceeded
await
（匿名） @ attendance_list.html?date=2025-11-11:1969
attendance_list.html?date=2025-11-11:1429 Uncaught RangeError: Maximum call stack size exceeded
await
（匿名） @ attendance_list.html?date=2025-11-11:1969
attendance_list.html?date=2025-11-11:1429 Uncaught RangeError: Maximum call stack size exceeded
await
（匿名） @ attendance_list.html?date=2025-11-11:1969
attendance_list.html?date=2025-11-11:1429 Uncaught RangeError: Maximum call stack size exceeded
await
（匿名） @ attendance_list.html?date=2025-11-11:1969
attendance_list.html?date=2025-11-11:1432 Uncaught RangeError: Maximum call stack size exceeded
await
（匿名） @ attendance_list.html?date=2025-11-11:1969
attendance_list.html?date=2025-11-11:1432 Uncaught RangeError: Maximum call stack size exceeded
await
（匿名） @ attendance_list.html?date=2025-11-11:1969
attendance_list.html?date=2025-11-11:1432 Uncaught RangeError: Maximum call stack size exceeded
await
（匿名） @ attendance_list.html?date=2025-11-11:1969
attendance_list.html?date=2025-11-11:1429 Uncaught RangeError: Maximum call stack size exceeded
await
（匿名） @ attendance_list.html?date=2025-11-11:1969
attendance_list.html?date=2025-11-11:1429 Uncaught RangeError: Maximum call stack size exceeded
await
（匿名） @ attendance_list.html?date=2025-11-11:1969
attendance_list.html?date=2025-11-11:1429 Uncaught RangeError: Maximum call stack size exceeded
await
（匿名） @ attendance_list.html?date=2025-11-11:1969
attendance_list.html?date=2025-11-11:1429 Uncaught RangeError: Maximum call stack size exceeded
await
（匿名） @ attendance_list.html?date=2025-11-11:1969
attendance_list.html?date=2025-11-11:1432 Uncaught RangeError: Maximum call stack size exceeded
await
（匿名） @ attendance_list.html?date=2025-11-11:1969
attendance_list.html?date=2025-11-11:1432 Uncaught RangeError: Maximum call stack size exceeded
await
（匿名） @ attendance_list.html?date=2025-11-11:1969
attendance_list.html?date=2025-11-11:1432 Uncaught RangeError: Maximum call stack size exceeded
await
（匿名） @ attendance_list.html?date=2025-11-11:1969
attendance_list.html?date=2025-11-11:1429 Uncaught RangeError: Maximum call stack size exceeded
await
（匿名） @ attendance_list.html?date=2025-11-11:1969
attendance_list.html?date=2025-11-11:1429 Uncaught RangeError: Maximum call stack size exceeded
await
（匿名） @ attendance_list.html?date=2025-11-11:1969
attendance_list.html?date=2025-11-11:1429 Uncaught RangeError: Maximum call stack size exceeded
await
（匿名） @ attendance_list.html?date=2025-11-11:1969
attendance_list.html?date=2025-11-11:1429 Uncaught RangeError: Maximum call stack size exceeded
await
（匿名） @ attendance_list.html?date=2025-11-11:1969
attendance_list.html?date=2025-11-11:1432 Uncaught RangeError: Maximum call stack size exceeded
await
（匿名） @ attendance_list.html?date=2025-11-11:1969
attendance_list.html?date=2025-11-11:1432 Uncaught RangeError: Maximum call stack size exceeded
await
（匿名） @ attendance_list.html?date=2025-11-11:1969
attendance_list.html?date=2025-11-11:1432 Uncaught RangeError: Maximum call stack size exceeded
await
（匿名） @ attendance_list.html?date=2025-11-11:1969
attendance_list.html?date=2025-11-11:1429 Uncaught RangeError: Maximum call stack size exceeded
await
（匿名） @ attendance_list.html?date=2025-11-11:1969
attendance_list.html?date=2025-11-11:1429 Uncaught RangeError: Maximum call stack size exceeded
await
（匿名） @ attendance_list.html?date=2025-11-11:1969
attendance_list.html?date=2025-11-11:1429 Uncaught RangeError: Maximum call stack size exceeded
await
（匿名） @ attendance_list.html?date=2025-11-11:1969
attendance_list.html?date=2025-11-11:1429 Uncaught RangeError: Maximum call stack size exceeded
await
（匿名） @ attendance_list.html?date=2025-11-11:1969
attendance_list.html?date=2025-11-11:1432 Uncaught RangeError: Maximum call stack size exceeded
await
（匿名） @ attendance_list.html?date=2025-11-11:1969
attendance_list.html?date=2025-11-11:1432 Uncaught RangeError: Maximum call stack size exceeded
await
（匿名） @ attendance_list.html?date=2025-11-11:1969
attendance_list.html?date=2025-11-11:1432 Uncaught RangeError: Maximum call stack size exceeded
await
（匿名） @ attendance_list.html?date=2025-11-11:1969
attendance_list.html?date=2025-11-11:1429 Uncaught RangeError: Maximum call stack size exceeded
await
（匿名） @ attendance_list.html?date=2025-11-11:1969
attendance_list.html?date=2025-11-11:1429 Uncaught RangeError: Maximum call stack size exceeded
await
（匿名） @ attendance_list.html?date=2025-11-11:1969
attendance_list.html?date=2025-11-11:1429 Uncaught RangeError: Maximum call stack size exceeded
await
（匿名） @ attendance_list.html?date=2025-11-11:1969
attendance_list.html?date=2025-11-11:1429 Uncaught RangeError: Maximum call stack size exceeded
await
（匿名） @ attendance_list.html?date=2025-11-11:1969
attendance_list.html?date=2025-11-11:1432 Uncaught RangeError: Maximum call stack size exceeded
await
（匿名） @ attendance_list.html?date=2025-11-11:1969
attendance_list.html?date=2025-11-11:1432 Uncaught RangeError: Maximum call stack size exceeded
await
（匿名） @ attendance_list.html?date=2025-11-11:1969
attendance_list.html?date=2025-11-11:1432 Uncaught RangeError: Maximum call stack size exceeded
await
（匿名） @ attendance_list.html?date=2025-11-11:1969
attendance_list.html?date=2025-11-11:1429 Uncaught RangeError: Maximum call stack size exceeded
await
（匿名） @ attendance_list.html?date=2025-11-11:1969
attendance_list.html?date=2025-11-11:1429 Uncaught RangeError: Maximum call stack size exceeded
await
（匿名） @ attendance_list.html?date=2025-11-11:1969
attendance_list.html?date=2025-11-11:1429 Uncaught RangeError: Maximum call stack size exceeded
await
（匿名） @ attendance_list.html?date=2025-11-11:1969
attendance_list.html?date=2025-11-11:1429 Uncaught RangeError: Maximum call stack size exceeded
await
（匿名） @ attendance_list.html?date=2025-11-11:1969
attendance_list.html?date=2025-11-11:1432 Uncaught RangeError: Maximum call stack size exceeded
await
（匿名） @ attendance_list.html?date=2025-11-11:1969
attendance_list.html?date=2025-11-11:1432 Uncaught RangeError: Maximum call stack size exceeded
await
（匿名） @ attendance_list.html?date=2025-11-11:1969
attendance_list.html?date=2025-11-11:1432 Uncaught RangeError: Maximum call stack size exceeded
await
（匿名） @ attendance_list.html?date=2025-11-11:1969
attendance_list.html?date=2025-11-11:1429 Uncaught RangeError: Maximum call stack size exceeded
await
（匿名） @ attendance_list.html?date=2025-11-11:1969
attendance_list.html?date=2025-11-11:1429 Uncaught RangeError: Maximum call stack size exceeded
await
（匿名） @ attendance_list.html?date=2025-11-11:1969
attendance_list.html?date=2025-11-11:1429 Uncaught RangeError: Maximum call stack size exceeded
await
（匿名） @ attendance_list.html?date=2025-11-11:1969
attendance_list.html?date=2025-11-11:1429 Uncaught RangeError: Maximum call stack size exceeded
await
（匿名） @ attendance_list.html?date=2025-11-11:1969
attendance_list.html?date=2025-11-11:1432 Uncaught RangeError: Maximum call stack size exceeded
await
（匿名） @ attendance_list.html?date=2025-11-11:1969
attendance_list.html?date=2025-11-11:1432 Uncaught RangeError: Maximum call stack size exceeded
await
（匿名） @ attendance_list.html?date=2025-11-11:1969
attendance_list.html?date=2025-11-11:1432 Uncaught RangeError: Maximum call stack size exceeded
await
（匿名） @ attendance_list.html?date=2025-11-11:1969
attendance_list.html?date=2025-11-11:1429 Uncaught RangeError: Maximum call stack size exceeded
await
（匿名） @ attendance_list.html?date=2025-11-11:1969
attendance_list.html?date=2025-11-11:1429 Uncaught RangeError: Maximum call stack size exceeded
await
（匿名） @ attendance_list.html?date=2025-11-11:1969
attendance_list.html?date=2025-11-11:1429 Uncaught RangeError: Maximum call stack size exceeded
await
（匿名） @ attendance_list.html?date=2025-11-11:1969
attendance_list.html?date=2025-11-11:1429 Uncaught RangeError: Maximum call stack size exceeded
await
（匿名） @ attendance_list.html?date=2025-11-11:1969
attendance_list.html?date=2025-11-11:1432 Uncaught RangeError: Maximum call stack size exceeded
await
（匿名） @ attendance_list.html?date=2025-11-11:1969
attendance_list.html?date=2025-11-11:1432 Uncaught RangeError: Maximum call stack size exceeded
await
（匿名） @ attendance_list.html?date=2025-11-11:1969
attendance_list.html?date=2025-11-11:1432 Uncaught RangeError: Maximum call stack size exceeded
await
（匿名） @ attendance_list.html?date=2025-11-11:1969
attendance_list.html?date=2025-11-11:1429 Uncaught RangeError: Maximum call stack size exceeded
await
（匿名） @ attendance_list.html?date=2025-11-11:1969
attendance_list.html?date=2025-11-11:1429 Uncaught RangeError: Maximum call stack size exceeded
await
（匿名） @ attendance_list.html?date=2025-11-11:1969
attendance_list.html?date=2025-11-11:1429 Uncaught RangeError: Maximum call stack size exceeded
await
（匿名） @ attendance_list.html?date=2025-11-11:1969
attendance_list.html?date=2025-11-11:1429 Uncaught RangeError: Maximum call stack size exceeded
await
（匿名） @ attendance_list.html?date=2025-11-11:1969
attendance_list.html?date=2025-11-11:1432 Uncaught RangeError: Maximum call stack size exceeded
await
（匿名） @ attendance_list.html?date=2025-11-11:1969
attendance_list.html?date=2025-11-11:1432 Uncaught RangeError: Maximum call stack size exceeded
await
（匿名） @ attendance_list.html?date=2025-11-11:1969
attendance_list.html?date=2025-11-11:1432 Uncaught RangeError: Maximum call stack size exceeded
await
（匿名） @ attendance_list.html?date=2025-11-11:1969
attendance_list.html?date=2025-11-11:1429 Uncaught RangeError: Maximum call stack size exceeded
await
（匿名） @ attendance_list.html?date=2025-11-11:1969
attendance_list.html?date=2025-11-11:1429 Uncaught RangeError: Maximum call stack size exceeded
await
（匿名） @ attendance_list.html?date=2025-11-11:1969
attendance_list.html?date=2025-11-11:1429 Uncaught RangeError: Maximum call stack size exceeded
await
（匿名） @ attendance_list.html?date=2025-11-11:1969
attendance_list.html?date=2025-11-11:1429 Uncaught RangeError: Maximum call stack size exceeded
await
（匿名） @ attendance_list.html?date=2025-11-11:1969
attendance_list.html?date=2025-11-11:1432 Uncaught RangeError: Maximum call stack size exceeded
await
（匿名） @ attendance_list.html?date=2025-11-11:1969
attendance_list.html?date=2025-11-11:1432 Uncaught RangeError: Maximum call stack size exceeded
await
（匿名） @ attendance_list.html?date=2025-11-11:1969
attendance_list.html?date=2025-11-11:1432 Uncaught RangeError: Maximum call stack size exceeded
await
（匿名） @ attendance_list.html?date=2025-11-11:1969
attendance_list.html?date=2025-11-11:1429 Uncaught RangeError: Maximum call stack size exceeded
await
（匿名） @ attendance_list.html?date=2025-11-11:1969
attendance_list.html?date=2025-11-11:1429 Uncaught RangeError: Maximum call stack size exceeded
await
（匿名） @ attendance_list.html?date=2025-11-11:1969
attendance_list.html?date=2025-11-11:1429 Uncaught RangeError: Maximum call stack size exceeded
await
（匿名） @ attendance_list.html?date=2025-11-11:1969
attendance_list.html?date=2025-11-11:1429 Uncaught RangeError: Maximum call stack size exceeded
await
（匿名） @ attendance_list.html?date=2025-11-11:1969
attendance_list.html?date=2025-11-11:1432 Uncaught RangeError: Maximum call stack size exceeded
await
（匿名） @ attendance_list.html?date=2025-11-11:1969
attendance_list.html?date=2025-11-11:1432 Uncaught RangeError: Maximum call stack size exceeded
await
（匿名） @ attendance_list.html?date=2025-11-11:1969
attendance_list.html?date=2025-11-11:1432 Uncaught RangeError: Maximum call stack size exceeded
await
（匿名） @ attendance_list.html?date=2025-11-11:1969
attendance_list.html?date=2025-11-11:1429 Uncaught RangeError: Maximum call stack size exceeded
await
（匿名） @ attendance_list.html?date=2025-11-11:1969
attendance_list.html?date=2025-11-11:1429 Uncaught RangeError: Maximum call stack size exceeded
await
（匿名） @ attendance_list.html?date=2025-11-11:1969
attendance_list.html?date=2025-11-11:1429 Uncaught RangeError: Maximum call stack size exceeded
await
（匿名） @ attendance_list.html?date=2025-11-11:1969
attendance_list.html?date=2025-11-11:1429 Uncaught RangeError: Maximum call stack size exceeded
await
（匿名） @ attendance_list.html?date=2025-11-11:1969
attendance_list.html?date=2025-11-11:1432 Uncaught RangeError: Maximum call stack size exceeded
await
（匿名） @ attendance_list.html?date=2025-11-11:1969
attendance_list.html?date=2025-11-11:1432 Uncaught RangeError: Maximum call stack size exceeded
await
（匿名） @ attendance_list.html?date=2025-11-11:1969
attendance_list.html?date=2025-11-11:1432 Uncaught RangeError: Maximum call stack size exceeded
await
（匿名） @ attendance_list.html?date=2025-11-11:1969
attendance_list.html?date=2025-11-11:1429 Uncaught RangeError: Maximum call stack size exceeded
await
（匿名） @ attendance_list.html?date=2025-11-11:1969
attendance_list.html?date=2025-11-11:1429 Uncaught RangeError: Maximum call stack size exceeded
await
（匿名） @ attendance_list.html?date=2025-11-11:1969
attendance_list.html?date=2025-11-11:1429 Uncaught RangeError: Maximum call stack size exceeded
await
（匿名） @ attendance_list.html?date=2025-11-11:1969
attendance_list.html?date=2025-11-11:1429 Uncaught RangeError: Maximum call stack size exceeded
await
（匿名） @ attendance_list.html?date=2025-11-11:1969
attendance_list.html?date=2025-11-11:1432 Uncaught RangeError: Maximum call stack size exceeded
await
（匿名） @ attendance_list.html?date=2025-11-11:1969
attendance_list.html?date=2025-11-11:1432 Uncaught RangeError: Maximum call stack size exceeded
await
（匿名） @ attendance_list.html?date=2025-11-11:1969
attendance_list.html?date=2025-11-11:1432 Uncaught RangeError: Maximum call stack size exceeded
await
（匿名） @ attendance_list.html?date=2025-11-11:1969
attendance_list.html?date=2025-11-11:1429 Uncaught RangeError: Maximum call stack size exceeded
await
（匿名） @ attendance_list.html?date=2025-11-11:1969
attendance_list.html?date=2025-11-11:1429 Uncaught RangeError: Maximum call stack size exceeded
await
（匿名） @ attendance_list.html?date=2025-11-11:1969
attendance_list.html?date=2025-11-11:1429 Uncaught RangeError: Maximum call stack size exceeded
await
（匿名） @ attendance_list.html?date=2025-11-11:1969
attendance_list.html?date=2025-11-11:1429 Uncaught RangeError: Maximum call stack size exceeded
await
（匿名） @ attendance_list.html?date=2025-11-11:1969
attendance_list.html?date=2025-11-11:1432 Uncaught RangeError: Maximum call stack size exceeded
await
（匿名） @ attendance_list.html?date=2025-11-11:1969
attendance_list.html?date=2025-11-11:1432 Uncaught RangeError: Maximum call stack size exceeded
await
（匿名） @ attendance_list.html?date=2025-11-11:1969
attendance_list.html?date=2025-11-11:1432 Uncaught RangeError: Maximum call stack size exceeded
await
（匿名） @ attendance_list.html?date=2025-11-11:1969
attendance_list.html?date=2025-11-11:1429 Uncaught RangeError: Maximum call stack size exceeded
await
（匿名） @ attendance_list.html?date=2025-11-11:1969
attendance_list.html?date=2025-11-11:1429 Uncaught RangeError: Maximum call stack size exceeded
await
（匿名） @ attendance_list.html?date=2025-11-11:1969
attendance_list.html?date=2025-11-11:1429 Uncaught RangeError: Maximum call stack size exceeded
await
（匿名） @ attendance_list.html?date=2025-11-11:1969
attendance_list.html?date=2025-11-11:1429 Uncaught RangeError: Maximum call stack size exceeded
await
（匿名） @ attendance_list.html?date=2025-11-11:1969
attendance_list.html?date=2025-11-11:1432 Uncaught RangeError: Maximum call stack size exceeded
await
（匿名） @ attendance_list.html?date=2025-11-11:1969
attendance_list.html?date=2025-11-11:1432 Uncaught RangeError: Maximum call stack size exceeded
await
（匿名） @ attendance_list.html?date=2025-11-11:1969
attendance_list.html?date=2025-11-11:1432 Uncaught RangeError: Maximum call stack size exceeded
await
（匿名） @ attendance_list.html?date=2025-11-11:1969
attendance_list.html?date=2025-11-11:1429 Uncaught RangeError: Maximum call stack size exceeded
await
（匿名） @ attendance_list.html?date=2025-11-11:1969
attendance_list.html?date=2025-11-11:1429 Uncaught RangeError: Maximum call stack size exceeded
await
（匿名） @ attendance_list.html?date=2025-11-11:1969
attendance_list.html?date=2025-11-11:1429 Uncaught RangeError: Maximum call stack size exceeded
await
（匿名） @ attendance_list.html?date=2025-11-11:1969
attendance_list.html?date=2025-11-11:1429 Uncaught RangeError: Maximum call stack size exceeded
await
（匿名） @ attendance_list.html?date=2025-11-11:1969
attendance_list.html?date=2025-11-11:1432 Uncaught RangeError: Maximum call stack size exceeded
await
（匿名） @ attendance_list.html?date=2025-11-11:1969
attendance_list.html?date=2025-11-11:1432 Uncaught RangeError: Maximum call stack size exceeded
await
（匿名） @ attendance_list.html?date=2025-11-11:1969
attendance_list.html?date=2025-11-11:1432 Uncaught RangeError: Maximum call stack size exceeded
await
（匿名） @ attendance_list.html?date=2025-11-11:1969
attendance_list.html?date=2025-11-11:1429 Uncaught RangeError: Maximum call stack size exceeded
await
（匿名） @ attendance_list.html?date=2025-11-11:1969
attendance_list.html?date=2025-11-11:1429 Uncaught RangeError: Maximum call stack size exceeded
await
（匿名） @ attendance_list.html?date=2025-11-11:1969
attendance_list.html?date=2025-11-11:1429 Uncaught RangeError: Maximum call stack size exceeded
await
（匿名） @ attendance_list.html?date=2025-11-11:1969
attendance_list.html?date=2025-11-11:1429 Uncaught RangeError: Maximum call stack size exceeded
await
（匿名） @ attendance_list.html?date=2025-11-11:1969
attendance_list.html?date=2025-11-11:1432 Uncaught RangeError: Maximum call stack size exceeded
await
（匿名） @ attendance_list.html?date=2025-11-11:1969
attendance_list.html?date=2025-11-11:1432 Uncaught RangeError: Maximum call stack size exceeded
await
（匿名） @ attendance_list.html?date=2025-11-11:1969
attendance_list.html?date=2025-11-11:1432 Uncaught RangeError: Maximum call stack size exceeded
await
（匿名） @ attendance_list.html?date=2025-11-11:1969
attendance_list.html?date=2025-11-11:1429 Uncaught RangeError: Maximum call stack size exceeded
await
（匿名） @ attendance_list.html?date=2025-11-11:1969
attendance_list.html?date=2025-11-11:1429 Uncaught RangeError: Maximum call stack size exceeded
await
（匿名） @ attendance_list.html?date=2025-11-11:1969
attendance_list.html?date=2025-11-11:1429 Uncaught RangeError: Maximum call stack size exceeded
await
（匿名） @ attendance_list.html?date=2025-11-11:1969
attendance_list.html?date=2025-11-11:1429 Uncaught RangeError: Maximum call stack size exceeded
await
（匿名） @ attendance_list.html?date=2025-11-11:1969
attendance_list.html?date=2025-11-11:1432 Uncaught RangeError: Maximum call stack size exceeded
await
（匿名） @ attendance_list.html?date=2025-11-11:1969
attendance_list.html?date=2025-11-11:1432 Uncaught RangeError: Maximum call stack size exceeded
await
（匿名） @ attendance_list.html?date=2025-11-11:1969
attendance_list.html?date=2025-11-11:1432 Uncaught RangeError: Maximum call stack size exceeded
await
（匿名） @ attendance_list.html?date=2025-11-11:1969
attendance_list.html?date=2025-11-11:1429 Uncaught RangeError: Maximum call stack size exceeded
await
（匿名） @ attendance_list.html?date=2025-11-11:1969
attendance_list.html?date=2025-11-11:1429 Uncaught RangeError: Maximum call stack size exceeded
await
（匿名） @ attendance_list.html?date=2025-11-11:1969
attendance_list.html?date=2025-11-11:1429 Uncaught RangeError: Maximum call stack size exceeded
await
（匿名） @ attendance_list.html?date=2025-11-11:1969
attendance_list.html?date=2025-11-11:1429 Uncaught RangeError: Maximum call stack size exceeded
await
（匿名） @ attendance_list.html?date=2025-11-11:1969
attendance_list.html?date=2025-11-11:1432 Uncaught RangeError: Maximum call stack size exceeded
await
（匿名） @ attendance_list.html?date=2025-11-11:1969
attendance_list.html?date=2025-11-11:1432 Uncaught RangeError: Maximum call stack size exceeded
await
（匿名） @ attendance_list.html?date=2025-11-11:1969
attendance_list.html?date=2025-11-11:1432 Uncaught RangeError: Maximum call stack size exceeded
await
（匿名） @ attendance_list.html?date=2025-11-11:1969
attendance_list.html?date=2025-11-11:1429 Uncaught RangeError: Maximum call stack size exceeded
await
（匿名） @ attendance_list.html?date=2025-11-11:1969
attendance_list.html?date=2025-11-11:1429 Uncaught RangeError: Maximum call stack size exceeded
await
（匿名） @ attendance_list.html?date=2025-11-11:1969
attendance_list.html?date=2025-11-11:1429 Uncaught RangeError: Maximum call stack size exceeded
await
（匿名） @ attendance_list.html?date=2025-11-11:1969
attendance_list.html?date=2025-11-11:1429 Uncaught RangeError: Maximum call stack size exceeded
await
（匿名） @ attendance_list.html?date=2025-11-11:1969
attendance_list.html?date=2025-11-11:1432 Uncaught RangeError: Maximum call stack size exceeded
await
（匿名） @ attendance_list.html?date=2025-11-11:1969
attendance_list.html?date=2025-11-11:1432 Uncaught RangeError: Maximum call stack size exceeded
await
（匿名） @ attendance_list.html?date=2025-11-11:1969
attendance_list.html?date=2025-11-11:1432 Uncaught RangeError: Maximum call stack size exceeded
await
（匿名） @ attendance_list.html?date=2025-11-11:1969
attendance_list.html?date=2025-11-11:1429 Uncaught RangeError: Maximum call stack size exceeded
await
（匿名） @ attendance_list.html?date=2025-11-11:1969
attendance_list.html?date=2025-11-11:1429 Uncaught RangeError: Maximum call stack size exceeded
await
（匿名） @ attendance_list.html?date=2025-11-11:1969
attendance_list.html?date=2025-11-11:1429 Uncaught RangeError: Maximum call stack size exceeded
await
（匿名） @ attendance_list.html?date=2025-11-11:1969
attendance_list.html?date=2025-11-11:1429 Uncaught RangeError: Maximum call stack size exceeded
await
（匿名） @ attendance_list.html?date=2025-11-11:1969
attendance_list.html?date=2025-11-11:1432 Uncaught RangeError: Maximum call stack size exceeded
await
（匿名） @ attendance_list.html?date=2025-11-11:1969
attendance_list.html?date=2025-11-11:1432 Uncaught RangeError: Maximum call stack size exceeded
await
（匿名） @ attendance_list.html?date=2025-11-11:1969
attendance_list.html?date=2025-11-11:1432 Uncaught RangeError: Maximum call stack size exceeded
await
（匿名） @ attendance_list.html?date=2025-11-11:1969
attendance_list.html?date=2025-11-11:1429 Uncaught RangeError: Maximum call stack size exceeded
await
（匿名） @ attendance_list.html?date=2025-11-11:1969
attendance_list.html?date=2025-11-11:1429 Uncaught RangeError: Maximum call stack size exceeded
await
（匿名） @ attendance_list.html?date=2025-11-11:1969
attendance_list.html?date=2025-11-11:1429 Uncaught RangeError: Maximum call stack size exceeded
await
（匿名） @ attendance_list.html?date=2025-11-11:1969
attendance_list.html?date=2025-11-11:1429 Uncaught RangeError: Maximum call stack size exceeded
await
（匿名） @ attendance_list.html?date=2025-11-11:1969
attendance_list.html?date=2025-11-11:1432 Uncaught RangeError: Maximum call stack size exceeded
await
（匿名） @ attendance_list.html?date=2025-11-11:1969
attendance_list.html?date=2025-11-11:1432 Uncaught RangeError: Maximum call stack size exceeded
await
（匿名） @ attendance_list.html?date=2025-11-11:1969
attendance_list.html?date=2025-11-11:1432 Uncaught RangeError: Maximum call stack size exceeded
await
（匿名） @ attendance_list.html?date=2025-11-11:1969
attendance_list.html?date=2025-11-11:1429 Uncaught RangeError: Maximum call stack size exceeded
await
（匿名） @ attendance_list.html?date=2025-11-11:1969
attendance_list.html?date=2025-11-11:1429 Uncaught RangeError: Maximum call stack size exceeded
await
（匿名） @ attendance_list.html?date=2025-11-11:1969
attendance_list.html?date=2025-11-11:1429 Uncaught RangeError: Maximum call stack size exceeded
await
（匿名） @ attendance_list.html?date=2025-11-11:1969
attendance_list.html?date=2025-11-11:1429 Uncaught RangeError: Maximum call stack size exceeded
await
（匿名） @ attendance_list.html?date=2025-11-11:1969
attendance_list.html?date=2025-11-11:1432 Uncaught RangeError: Maximum call stack size exceeded
await
（匿名） @ attendance_list.html?date=2025-11-11:1969
attendance_list.html?date=2025-11-11:1432 Uncaught RangeError: Maximum call stack size exceeded
await
（匿名） @ attendance_list.html?date=2025-11-11:1969
attendance_list.html?date=2025-11-11:1432 Uncaught RangeError: Maximum call stack size exceeded
await
（匿名） @ attendance_list.html?date=2025-11-11:1969
attendance_list.html?date=2025-11-11:1429 Uncaught RangeError: Maximum call stack size exceeded
await
（匿名） @ attendance_list.html?date=2025-11-11:1969
attendance_list.html?date=2025-11-11:1429 Uncaught RangeError: Maximum call stack size exceeded
await
（匿名） @ attendance_list.html?date=2025-11-11:1969
attendance_list.html?date=2025-11-11:1429 Uncaught RangeError: Maximum call stack size exceeded
await
（匿名） @ attendance_list.html?date=2025-11-11:1969
attendance_list.html?date=2025-11-11:1429 Uncaught RangeError: Maximum call stack size exceeded
await
（匿名） @ attendance_list.html?date=2025-11-11:1969
attendance_list.html?date=2025-11-11:1432 Uncaught RangeError: Maximum call stack size exceeded
await
（匿名） @ attendance_list.html?date=2025-11-11:1969
attendance_list.html?date=2025-11-11:1432 Uncaught RangeError: Maximum call stack size exceeded
await
（匿名） @ attendance_list.html?date=2025-11-11:1969
attendance_list.html?date=2025-11-11:1432 Uncaught RangeError: Maximum call stack size exceeded
await
（匿名） @ attendance_list.html?date=2025-11-11:1969
attendance_list.html?date=2025-11-11:1429 Uncaught RangeError: Maximum call stack size exceeded
await
（匿名） @ attendance_list.html?date=2025-11-11:1969
attendance_list.html?date=2025-11-11:1429 Uncaught RangeError: Maximum call stack size exceeded
await
（匿名） @ attendance_list.html?date=2025-11-11:1969
attendance_list.html?date=2025-11-11:1429 Uncaught RangeError: Maximum call stack size exceeded
await
（匿名） @ attendance_list.html?date=2025-11-11:1969
attendance_list.html?date=2025-11-11:1429 Uncaught RangeError: Maximum call stack size exceeded
await
（匿名） @ attendance_list.html?date=2025-11-11:1969
attendance_list.html?date=2025-11-11:1432 Uncaught RangeError: Maximum call stack size exceeded
await
（匿名） @ attendance_list.html?date=2025-11-11:1969
attendance_list.html?date=2025-11-11:1432 Uncaught RangeError: Maximum call stack size exceeded
await
（匿名） @ attendance_list.html?date=2025-11-11:1969
attendance_list.html?date=2025-11-11:1432 Uncaught RangeError: Maximum call stack size exceeded
await
（匿名） @ attendance_list.html?date=2025-11-11:1969
attendance_list.html?date=2025-11-11:1429 Uncaught RangeError: Maximum call stack size exceeded
await
（匿名） @ attendance_list.html?date=2025-11-11:1969
attendance_list.html?date=2025-11-11:1429 Uncaught RangeError: Maximum call stack size exceeded
await
（匿名） @ attendance_list.html?date=2025-11-11:1969
attendance_list.html?date=2025-11-11:1429 Uncaught RangeError: Maximum call stack size exceeded
await
（匿名） @ attendance_list.html?date=2025-11-11:1969
attendance_list.html?date=2025-11-11:1429 Uncaught RangeError: Maximum call stack size exceeded
await
（匿名） @ attendance_list.html?date=2025-11-11:1969
attendance_list.html?date=2025-11-11:1432 Uncaught RangeError: Maximum call stack size exceeded
await
（匿名） @ attendance_list.html?date=2025-11-11:1969
attendance_list.html?date=2025-11-11:1432 Uncaught RangeError: Maximum call stack size exceeded
await
（匿名） @ attendance_list.html?date=2025-11-11:1969
attendance_list.html?date=2025-11-11:1432 Uncaught RangeError: Maximum call stack size exceeded
await
（匿名） @ attendance_list.html?date=2025-11-11:1969
attendance_list.html?date=2025-11-11:1429 Uncaught RangeError: Maximum call stack size exceeded
await
（匿名） @ attendance_list.html?date=2025-11-11:1969
attendance_list.html?date=2025-11-11:1429 Uncaught RangeError: Maximum call stack size exceeded
await
（匿名） @ attendance_list.html?date=2025-11-11:1969
attendance_list.html?date=2025-11-11:1429 Uncaught RangeError: Maximum call stack size exceeded
await
（匿名） @ attendance_list.html?date=2025-11-11:1969
attendance_list.html?date=2025-11-11:1429 Uncaught RangeError: Maximum call stack size exceeded
await
（匿名） @ attendance_list.html?date=2025-11-11:1969
attendance_list.html?date=2025-11-11:1432 Uncaught RangeError: Maximum call stack size exceeded
await
（匿名） @ attendance_list.html?date=2025-11-11:1969
attendance_list.html?date=2025-11-11:1432 Uncaught RangeError: Maximum call stack size exceeded
await
（匿名） @ attendance_list.html?date=2025-11-11:1969
attendance_list.html?date=2025-11-11:1432 Uncaught RangeError: Maximum call stack size exceeded
await
（匿名） @ attendance_list.html?date=2025-11-11:1969
attendance_list.html?date=2025-11-11:1429 Uncaught RangeError: Maximum call stack size exceeded
await
（匿名） @ attendance_list.html?date=2025-11-11:1969
attendance_list.html?date=2025-11-11:1429 Uncaught RangeError: Maximum call stack size exceeded
await
（匿名） @ attendance_list.html?date=2025-11-11:1969
attendance_list.html?date=2025-11-11:1429 Uncaught RangeError: Maximum call stack size exceeded
await
（匿名） @ attendance_list.html?date=2025-11-11:1969
attendance_list.html?date=2025-11-11:1429 Uncaught RangeError: Maximum call stack size exceeded
await
（匿名） @ attendance_list.html?date=2025-11-11:1969
attendance_list.html?date=2025-11-11:1432 Uncaught RangeError: Maximum call stack size exceeded
await
（匿名） @ attendance_list.html?date=2025-11-11:1969
attendance_list.html?date=2025-11-11:1432 Uncaught RangeError: Maximum call stack size exceeded
await
（匿名） @ attendance_list.html?date=2025-11-11:1969
attendance_list.html?date=2025-11-11:1432 Uncaught RangeError: Maximum call stack size exceeded
await
（匿名） @ attendance_list.html?date=2025-11-11:1969
attendance_list.html?date=2025-11-11:1429 Uncaught RangeError: Maximum call stack size exceeded
await
（匿名） @ attendance_list.html?date=2025-11-11:1969
attendance_list.html?date=2025-11-11:1429 Uncaught RangeError: Maximum call stack size exceeded
await
（匿名） @ attendance_list.html?date=2025-11-11:1969
attendance_list.html?date=2025-11-11:1429 Uncaught RangeError: Maximum call stack size exceeded
await
（匿名） @ attendance_list.html?date=2025-11-11:1969
attendance_list.html?date=2025-11-11:1429 Uncaught RangeError: Maximum call stack size exceeded
await
（匿名） @ attendance_list.html?date=2025-11-11:1969
attendance_list.html?date=2025-11-11:1432 Uncaught RangeError: Maximum call stack size exceeded
await
（匿名） @ attendance_list.html?date=2025-11-11:1969
attendance_list.html?date=2025-11-11:1432 Uncaught RangeError: Maximum call stack size exceeded
await
（匿名） @ attendance_list.html?date=2025-11-11:1969
attendance_list.html?date=2025-11-11:1432 Uncaught RangeError: Maximum call stack size exceeded
await
（匿名） @ attendance_list.html?date=2025-11-11:1969
attendance_list.html?date=2025-11-11:1429 Uncaught RangeError: Maximum call stack size exceeded
await
（匿名） @ attendance_list.html?date=2025-11-11:1969
attendance_list.html?date=2025-11-11:1429 Uncaught RangeError: Maximum call stack size exceeded
await
（匿名） @ attendance_list.html?date=2025-11-11:1969
attendance_list.html?date=2025-11-11:1429 Uncaught RangeError: Maximum call stack size exceeded
await
（匿名） @ attendance_list.html?date=2025-11-11:1969
attendance_list.html?date=2025-11-11:1429 Uncaught RangeError: Maximum call stack size exceeded
await
（匿名） @ attendance_list.html?date=2025-11-11:1969
attendance_list.html?date=2025-11-11:1432 Uncaught RangeError: Maximum call stack size exceeded
await
（匿名） @ attendance_list.html?date=2025-11-11:1969
attendance_list.html?date=2025-11-11:1432 Uncaught RangeError: Maximum call stack size exceeded
await
（匿名） @ attendance_list.html?date=2025-11-11:1969
attendance_list.html?date=2025-11-11:1432 Uncaught RangeError: Maximum call stack size exceeded
await
（匿名） @ attendance_list.html?date=2025-11-11:1969
attendance_list.html?date=2025-11-11:1429 Uncaught RangeError: Maximum call stack size exceeded
await
（匿名） @ attendance_list.html?date=2025-11-11:1969
attendance_list.html?date=2025-11-11:1429 Uncaught RangeError: Maximum call stack size exceeded
await
（匿名） @ attendance_list.html?date=2025-11-11:1969
attendance_list.html?date=2025-11-11:1429 Uncaught RangeError: Maximum call stack size exceeded
await
（匿名） @ attendance_list.html?date=2025-11-11:1969
attendance_list.html?date=2025-11-11:1429 Uncaught RangeError: Maximum call stack size exceeded
await
（匿名） @ attendance_list.html?date=2025-11-11:1969
attendance_list.html?date=2025-11-11:1432 Uncaught RangeError: Maximum call stack size exceeded
await
（匿名） @ attendance_list.html?date=2025-11-11:1969
attendance_list.html?date=2025-11-11:1432 Uncaught RangeError: Maximum call stack size exceeded
await
（匿名） @ attendance_list.html?date=2025-11-11:1969
attendance_list.html?date=2025-11-11:1432 Uncaught RangeError: Maximum call stack size exceeded
await
（匿名） @ attendance_list.html?date=2025-11-11:1969
attendance_list.html?date=2025-11-11:1874 Uncaught (in promise) RangeError: Maximum call stack size exceeded
    at attendance_list.html?date=2025-11-11:1874:32
    at Array.map (<anonymous>)
    at classificationControls (attendance_list.html?date=2025-11-11:1874:28)
    at renderAddClassification (attendance_list.html?date=2025-11-11:1367:57)
    at openAddPanelFor (attendance_list.html?date=2025-11-11:1414:33)
    at attendance_list.html?date=2025-11-11:1563:33
    at Array.forEach (<anonymous>)
    at render (attendance_list.html?date=2025-11-11:1434:25)
    at render (attendance_list.html?date=2025-11-11:1812:25)
    at render (attendance_list.html?date=2025-11-11:1812:25)
（匿名） @ attendance_list.html?date=2025-11-11:1874
classificationControls @ attendance_list.html?date=2025-11-11:1874
renderAddClassification @ attendance_list.html?date=2025-11-11:1367
openAddPanelFor @ attendance_list.html?date=2025-11-11:1414
（匿名） @ attendance_list.html?date=2025-11-11:1563
render @ attendance_list.html?date=2025-11-11:1434
render @ attendance_list.html?date=2025-11-11:1812
render @ attendance_list.html?date=2025-11-11:1812
render @ attendance_list.html?date=2025-11-11:1812
render @ attendance_list.html?date=2025-11-11:1812
render @ attendance_list.html?date=2025-11-11:1812
render @ attendance_list.html?date=2025-11-11:1812
render @ attendance_list.html?date=2025-11-11:1812
render @ attendance_list.html?date=2025-11-11:1812
render @ attendance_list.html?date=2025-11-11:1812
render @ attendance_list.html?date=2025-11-11:1812
render @ attendance_list.html?date=2025-11-11:1812
render @ attendance_list.html?date=2025-11-11:1812
render @ attendance_list.html?date=2025-11-11:1812
render @ attendance_list.html?date=2025-11-11:1812
render @ attendance_list.html?date=2025-11-11:1812
render @ attendance_list.html?date=2025-11-11:1812
render @ attendance_list.html?date=2025-11-11:1812
render @ attendance_list.html?date=2025-11-11:1812
render @ attendance_list.html?date=2025-11-11:1812
render @ attendance_list.html?date=2025-11-11:1812
render @ attendance_list.html?date=2025-11-11:1812
render @ attendance_list.html?date=2025-11-11:1812
render @ attendance_list.html?date=2025-11-11:1812
render @ attendance_list.html?date=2025-11-11:1812
render @ attendance_list.html?date=2025-11-11:1812
render @ attendance_list.html?date=2025-11-11:1812
render @ attendance_list.html?date=2025-11-11:1812
render @ attendance_list.html?date=2025-11-11:1812
render @ attendance_list.html?date=2025-11-11:1812
render @ attendance_list.html?date=2025-11-11:1812
render @ attendance_list.html?date=2025-11-11:1812
render @ attendance_list.html?date=2025-11-11:1812
render @ attendance_list.html?date=2025-11-11:1812
render @ attendance_list.html?date=2025-11-11:1812
render @ attendance_list.html?date=2025-11-11:1812
render @ attendance_list.html?date=2025-11-11:1812
render @ attendance_list.html?date=2025-11-11:1812
render @ attendance_list.html?date=2025-11-11:1812
render @ attendance_list.html?date=2025-11-11:1812
render @ attendance_list.html?date=2025-11-11:1812
render @ attendance_list.html?date=2025-11-11:1812
render @ attendance_list.html?date=2025-11-11:1812
render @ attendance_list.html?date=2025-11-11:1812
render @ attendance_list.html?date=2025-11-11:1812
render @ attendance_list.html?date=2025-11-11:1812
render @ attendance_list.html?date=2025-11-11:1812
render @ attendance_list.html?date=2025-11-11:1812
render @ attendance_list.html?date=2025-11-11:1812
render @ attendance_list.html?date=2025-11-11:1812
render @ attendance_list.html?date=2025-11-11:1812
render @ attendance_list.html?date=2025-11-11:1812
render @ attendance_list.html?date=2025-11-11:1812
render @ attendance_list.html?date=2025-11-11:1812
render @ attendance_list.html?date=2025-11-11:1812
render @ attendance_list.html?date=2025-11-11:1812
render @ attendance_list.html?date=2025-11-11:1812
render @ attendance_list.html?date=2025-11-11:1812
render @ attendance_list.html?date=2025-11-11:1812
render @ attendance_list.html?date=2025-11-11:1812
render @ attendance_list.html?date=2025-11-11:1812
render @ attendance_list.html?date=2025-11-11:1812
render @ attendance_list.html?date=2025-11-11:1812
render @ attendance_list.html?date=2025-11-11:1812
render @ attendance_list.html?date=2025-11-11:1812
render @ attendance_list.html?date=2025-11-11:1812
render @ attendance_list.html?date=2025-11-11:1812
render @ attendance_list.html?date=2025-11-11:1812
render @ attendance_list.html?date=2025-11-11:1812
render @ attendance_list.html?date=2025-11-11:1812
render @ attendance_list.html?date=2025-11-11:1812
render @ attendance_list.html?date=2025-11-11:1812
render @ attendance_list.html?date=2025-11-11:1812
render @ attendance_list.html?date=2025-11-11:1812
render @ attendance_list.html?date=2025-11-11:1812
render @ attendance_list.html?date=2025-11-11:1812
render @ attendance_list.html?date=2025-11-11:1812
render @ attendance_list.html?date=2025-11-11:1812
render @ attendance_list.html?date=2025-11-11:1812
render @ attendance_list.html?date=2025-11-11:1812
render @ attendance_list.html?date=2025-11-11:1812
render @ attendance_list.html?date=2025-11-11:1812
render @ attendance_list.html?date=2025-11-11:1812
render @ attendance_list.html?date=2025-11-11:1812
render @ attendance_list.html?date=2025-11-11:1812
render @ attendance_list.html?date=2025-11-11:1812
render @ attendance_list.html?date=2025-11-11:1812
render @ attendance_list.html?date=2025-11-11:1812
render @ attendance_list.html?date=2025-11-11:1812
render @ attendance_list.html?date=2025-11-11:1812
render @ attendance_list.html?date=2025-11-11:1812
render @ attendance_list.html?date=2025-11-11:1812
render @ attendance_list.html?date=2025-11-11:1812
render @ attendance_list.html?date=2025-11-11:1812
render @ attendance_list.html?date=2025-11-11:1812
render @ attendance_list.html?date=2025-11-11:1812
render @ attendance_list.html?date=2025-11-11:1812
render @ attendance_list.html?date=2025-11-11:1812
render @ attendance_list.html?date=2025-11-11:1812
render @ attendance_list.html?date=2025-11-11:1812
render @ attendance_list.html?date=2025-11-11:1812
render @ attendance_list.html?date=2025-11-11:1812
render @ attendance_list.html?date=2025-11-11:1812
render @ attendance_list.html?date=2025-11-11:1812
render @ attendance_list.html?date=2025-11-11:1812
render @ attendance_list.html?date=2025-11-11:1812
render @ attendance_list.html?date=2025-11-11:1812
render @ attendance_list.html?date=2025-11-11:1812
render @ attendance_list.html?date=2025-11-11:1812
render @ attendance_list.html?date=2025-11-11:1812
render @ attendance_list.html?date=2025-11-11:1812
render @ attendance_list.html?date=2025-11-11:1812
render @ attendance_list.html?date=2025-11-11:1812
render @ attendance_list.html?date=2025-11-11:1812
render @ attendance_list.html?date=2025-11-11:1812
render @ attendance_list.html?date=2025-11-11:1812
render @ attendance_list.html?date=2025-11-11:1812
render @ attendance_list.html?date=2025-11-11:1812
render @ attendance_list.html?date=2025-11-11:1812
render @ attendance_list.html?date=2025-11-11:1812
render @ attendance_list.html?date=2025-11-11:1812
render @ attendance_list.html?date=2025-11-11:1812
render @ attendance_list.html?date=2025-11-11:1812
render @ attendance_list.html?date=2025-11-11:1812
render @ attendance_list.html?date=2025-11-11:1812
render @ attendance_list.html?date=2025-11-11:1812
render @ attendance_list.html?date=2025-11-11:1812
render @ attendance_list.html?date=2025-11-11:1812
render @ attendance_list.html?date=2025-11-11:1812
render @ attendance_list.html?date=2025-11-11:1812
render @ attendance_list.html?date=2025-11-11:1812
render @ attendance_list.html?date=2025-11-11:1812
render @ attendance_list.html?date=2025-11-11:1812
render @ attendance_list.html?date=2025-11-11:1812
render @ attendance_list.html?date=2025-11-11:1812
render @ attendance_list.html?date=2025-11-11:1812
render @ attendance_list.html?date=2025-11-11:1812
render @ attendance_list.html?date=2025-11-11:1812
render @ attendance_list.html?date=2025-11-11:1812
render @ attendance_list.html?date=2025-11-11:1812
render @ attendance_list.html?date=2025-11-11:1812
render @ attendance_list.html?date=2025-11-11:1812
render @ attendance_list.html?date=2025-11-11:1812
render @ attendance_list.html?date=2025-11-11:1812
render @ attendance_list.html?date=2025-11-11:1812
render @ attendance_list.html?date=2025-11-11:1812
render @ attendance_list.html?date=2025-11-11:1812
render @ attendance_list.html?date=2025-11-11:1812
render @ attendance_list.html?date=2025-11-11:1812
render @ attendance_list.html?date=2025-11-11:1812
render @ attendance_list.html?date=2025-11-11:1812
render @ attendance_list.html?date=2025-11-11:1812
render @ attendance_list.html?date=2025-11-11:1812
render @ attendance_list.html?date=2025-11-11:1812
render @ attendance_list.html?date=2025-11-11:1812
render @ attendance_list.html?date=2025-11-11:1812
render @ attendance_list.html?date=2025-11-11:1812
render @ attendance_list.html?date=2025-11-11:1812
render @ attendance_list.html?date=2025-11-11:1812
render @ attendance_list.html?date=2025-11-11:1812
render @ attendance_list.html?date=2025-11-11:1812
render @ attendance_list.html?date=2025-11-11:1812
render @ attendance_list.html?date=2025-11-11:1812
render @ attendance_list.html?date=2025-11-11:1812
render @ attendance_list.html?date=2025-11-11:1812
render @ attendance_list.html?date=2025-11-11:1812
render @ attendance_list.html?date=2025-11-11:1812
render @ attendance_list.html?date=2025-11-11:1812
render @ attendance_list.html?date=2025-11-11:1812
render @ attendance_list.html?date=2025-11-11:1812
render @ attendance_list.html?date=2025-11-11:1812
render @ attendance_list.html?date=2025-11-11:1812
render @ attendance_list.html?date=2025-11-11:1812
render @ attendance_list.html?date=2025-11-11:1812
render @ attendance_list.html?date=2025-11-11:1812
render @ attendance_list.html?date=2025-11-11:1812
render @ attendance_list.html?date=2025-11-11:1812
render @ attendance_list.html?date=2025-11-11:1812
render @ attendance_list.html?date=2025-11-11:1812
render @ attendance_list.html?date=2025-11-11:1812
render @ attendance_list.html?date=2025-11-11:1812
render @ attendance_list.html?date=2025-11-11:1812
render @ attendance_list.html?date=2025-11-11:1812
render @ attendance_list.html?date=2025-11-11:1812
render @ attendance_list.html?date=2025-11-11:1812
render @ attendance_list.html?date=2025-11-11:1812
render @ attendance_list.html?date=2025-11-11:1812
render @ attendance_list.html?date=2025-11-11:1812
render @ attendance_list.html?date=2025-11-11:1812
render @ attendance_list.html?date=2025-11-11:1812
render @ attendance_list.html?date=2025-11-11:1812
render @ attendance_list.html?date=2025-11-11:1812
render @ attendance_list.html?date=2025-11-11:1812
attendance_list.html?date=2025-11-11:1 Uncaught (in promise) Error: Could not establish connection. Receiving end does not exist.
attendance_list.html?date=2025-11-11:1 Uncaught (in promise) Error: Could not establish connection. Receiving end does not exist.
